Thu, 10 Sep 2020 15:11:42 GMT - Info - Server is running on port: 3035
log
asd
Thu, 10 Sep 2020 15:32:38 GMT - Info - Server is running on port: 3035
Thu, 10 Sep 2020 15:34:52 GMT - Info - Server is running on port: 3035
Thu, 10 Sep 2020 15:35:51 GMT - Info - Server is running on port: 3035
Thu, 10 Sep 2020 15:40:15 GMT - Info - Server is running on port: 3035
Thu, 10 Sep 2020 15:46:32 GMT - Info - Server is running on port: 3035
Thu, 10 Sep 2020 15:47:05 GMT - Info - Server is running on port: 3035
Thu, 10 Sep 2020 15:47:07 GMT - Info - Server is running on port: 3035
Thu, 10 Sep 2020 15:50:47 GMT - Info - Server is running on port: 3035
Thu, 10 Sep 2020 15:53:06 GMT - Info - Server is running on port: 3035
Thu, 10 Sep 2020 15:53:45 GMT - Info - Server is running on port: 3035
Thu, 10 Sep 2020 15:56:55 GMT - Info - Server is running on port: 3035
Thu, 10 Sep 2020 16:02:10 GMT - Info - Server is running on port: 3035
Thu, 10 Sep 2020 16:02:35 GMT - Info - Server is running on port: 3035
Thu, 10 Sep 2020 16:02:47 GMT - Info - Server is running on port: 3035
Thu, 10 Sep 2020 16:03:50 GMT - Info - Server is running on port: 3035
Thu, 10 Sep 2020 16:04:34 GMT - Info - Server is running on port: 3035
Thu, 10 Sep 2020 16:05:32 GMT - Info - Server is running on port: 3035
Thu, 10 Sep 2020 16:06:19 GMT - Info - Server is running on port: 3035
Thu, 10 Sep 2020 16:06:36 GMT - Info - Server is running on port: 3035
Thu, 10 Sep 2020 16:10:51 GMT - Info - Server is running on port: 3035
Thu, 10 Sep 2020 16:17:32 GMT - Info - Server is running on port: 3035
Thu, 10 Sep 2020 16:18:52 GMT - Info - Server is running on port: 3035
Thu, 10 Sep 2020 16:20:13 GMT - Info - Server is running on port: 3035
Thu, 10 Sep 2020 16:20:25 GMT - Info - Server is running on port: 3035
Thu, 10 Sep 2020 16:20:42 GMT - Info - Server is running on port: 3035
Thu, 10 Sep 2020 16:21:54 GMT - Info - Server is running on port: 3035
Thu, 10 Sep 2020 16:22:22 GMT - Info - Server is running on port: 3035
Thu, 10 Sep 2020 16:23:30 GMT - Info - Server is running on port: 3035
Thu, 10 Sep 2020 16:23:56 GMT - Info - Server is running on port: 3035
Thu, 10 Sep 2020 16:24:37 GMT - Info - Server is running on port: 3035
Thu, 10 Sep 2020 16:26:42 GMT - Info - Server is running on port: 3035
Thu, 10 Sep 2020 16:28:06 GMT - Info - Server is running on port: 3035
Thu, 10 Sep 2020 16:33:17 GMT - Info - Server is running on port: 3035
Thu, 10 Sep 2020 16:33:23 GMT - Info - Server is running on port: 3035
Thu, 10 Sep 2020 16:33:47 GMT - Info - Server is running on port: 3035
Thu, 10 Sep 2020 16:54:38 GMT - Info - Server is running on port: 3035
Thu, 10 Sep 2020 16:57:35 GMT - Info - Server is running on port: 3035
Thu, 10 Sep 2020 17:52:38 GMT - Info - Server is running on port: 3035
Thu, 10 Sep 2020 18:39:21 GMT - Info - Server is running on port: 3035
Thu, 10 Sep 2020 18:39:30 GMT - Info - Server is running on port: 3035
Thu, 10 Sep 2020 18:40:54 GMT - Info - Server is running on port: 3035
Thu, 10 Sep 2020 18:43:28 GMT - Info - Server is running on port: 3035
Thu, 10 Sep 2020 20:08:22 GMT - Info - Server is running on port: 3035
Thu, 10 Sep 2020 20:09:53 GMT - Info - Server is running on port: 3035
Thu, 10 Sep 2020 20:10:03 GMT - Info - Server is running on port: 3035
Thu, 10 Sep 2020 20:10:11 GMT - Info - Server is running on port: 3035
Thu, 10 Sep 2020 20:13:39 GMT - Info - Server is running on port: 3035
Thu, 10 Sep 2020 20:15:51 GMT - Info - Server is running on port: 3035
Thu, 10 Sep 2020 20:16:58 GMT - Info - Server is running on port: 3035
Thu, 10 Sep 2020 20:17:57 GMT - Info - Server is running on port: 3035
Thu, 10 Sep 2020 20:22:59 GMT - Debug - auth.service - login with username: admin
Thu, 10 Sep 2020 20:25:10 GMT - Info - Server is running on port: 3030
Thu, 10 Sep 2020 20:28:40 GMT - Debug - auth.service - login with username: asd
Thu, 10 Sep 2020 20:30:42 GMT - Info - Server is running on port: 3030
Thu, 10 Sep 2020 20:30:59 GMT - Info - Server is running on port: 3030
Thu, 10 Sep 2020 20:31:32 GMT - Info - Server is running on port: 3030
Thu, 10 Sep 2020 20:32:00 GMT - Info - Server is running on port: 3030
Thu, 10 Sep 2020 20:32:27 GMT - Info - Server is running on port: 3030
Thu, 10 Sep 2020 20:32:46 GMT - Debug - auth.service - login with username: admin
Thu, 10 Sep 2020 20:33:03 GMT - Info - Server is running on port: 3030
Thu, 10 Sep 2020 20:33:50 GMT - Info - Server is running on port: 3030
Thu, 10 Sep 2020 20:33:54 GMT - Debug - auth.service - login with username: admin
Thu, 10 Sep 2020 20:34:15 GMT - Debug - auth.service - login with username: admin
Thu, 10 Sep 2020 20:34:23 GMT - Info - Server is running on port: 3030
Thu, 10 Sep 2020 20:35:39 GMT - Info - Server is running on port: 3030
Thu, 10 Sep 2020 20:35:53 GMT - Debug - auth.service - login with username: admin
Thu, 10 Sep 2020 20:38:18 GMT - Debug - auth.service - login with username: admin
Thu, 10 Sep 2020 20:42:18 GMT - Debug - auth.service - login with username: admin
Thu, 10 Sep 2020 20:42:41 GMT - Info - Server is running on port: 3030
Thu, 10 Sep 2020 20:42:48 GMT - Debug - auth.service - login with username: admin
Thu, 10 Sep 2020 20:43:40 GMT - Debug - auth.service - login with username: tal
Thu, 10 Sep 2020 20:51:16 GMT - Info - Server is running on port: 3030
Thu, 10 Sep 2020 20:52:31 GMT - Debug - auth.service - login with username: admin
Thu, 10 Sep 2020 20:53:52 GMT - Debug - auth.service - login with username: tal
Thu, 10 Sep 2020 20:54:23 GMT - Debug - auth.service - login with username: tal
Thu, 10 Sep 2020 20:57:33 GMT - Debug - auth.service - login with username: admin
Thu, 10 Sep 2020 20:58:54 GMT - Info - Server is running on port: 3030
Thu, 10 Sep 2020 20:58:55 GMT - Debug - auth.service - login with username: admin
Thu, 10 Sep 2020 20:59:00 GMT - Info - Server is running on port: 3030
Thu, 10 Sep 2020 20:59:41 GMT - Info - Server is running on port: 3030
Thu, 10 Sep 2020 20:59:50 GMT - Debug - auth.service - login with username: admin
Thu, 10 Sep 2020 21:02:06 GMT - Info - Server is running on port: 3030
Thu, 10 Sep 2020 21:04:44 GMT - Info - Server is running on port: 3030
Thu, 10 Sep 2020 21:04:49 GMT - Debug - auth.service - login with username: admin
Thu, 10 Sep 2020 21:06:19 GMT - Info - Server is running on port: 3030
Thu, 10 Sep 2020 21:06:26 GMT - Debug - auth.service - login with username: admin
Thu, 10 Sep 2020 21:06:39 GMT - Info - Server is running on port: 3030
Thu, 10 Sep 2020 21:07:14 GMT - Info - Server is running on port: 3030
Thu, 10 Sep 2020 21:07:16 GMT - Debug - auth.service - login with username: admin
Thu, 10 Sep 2020 21:07:22 GMT - Debug - auth.service - login with username: admin
Thu, 10 Sep 2020 21:07:28 GMT - Debug - auth.service - login with username: adminz
Thu, 10 Sep 2020 21:07:31 GMT - Debug - auth.service - login with username: adminz
Thu, 10 Sep 2020 21:07:32 GMT - Debug - auth.service - login with username: adminz
Thu, 10 Sep 2020 21:07:40 GMT - Debug - auth.service - login with username: admin
Thu, 10 Sep 2020 21:08:25 GMT - Info - Server is running on port: 3030
Thu, 10 Sep 2020 21:08:34 GMT - Info - Server is running on port: 3030
Thu, 10 Sep 2020 21:08:36 GMT - Debug - auth.service - login with username: admin
Thu, 10 Sep 2020 21:08:36 GMT - Warn - No match
Thu, 10 Sep 2020 21:08:42 GMT - Debug - auth.service - login with username: admin
Thu, 10 Sep 2020 21:08:42 GMT - Warn - No match
Thu, 10 Sep 2020 21:09:32 GMT - Info - Server is running on port: 3030
Thu, 10 Sep 2020 21:09:41 GMT - Info - Server is running on port: 3030
Thu, 10 Sep 2020 21:09:43 GMT - Debug - auth.service - login with username: admin
Thu, 10 Sep 2020 21:09:44 GMT - Warn - No match
Thu, 10 Sep 2020 21:10:16 GMT - Info - Server is running on port: 3030
Thu, 10 Sep 2020 21:10:49 GMT - Info - Server is running on port: 3030
Thu, 10 Sep 2020 21:10:53 GMT - Debug - auth.service - login with username: admin
Thu, 10 Sep 2020 21:10:53 GMT - Warn - No match
Thu, 10 Sep 2020 21:11:07 GMT - Info - Server is running on port: 3030
Thu, 10 Sep 2020 21:14:43 GMT - Info - Server is running on port: 3030
Thu, 10 Sep 2020 21:17:57 GMT - Debug - auth.service - login with username: admin
Thu, 10 Sep 2020 21:18:00 GMT - Debug - auth.service - login with username: admin
Thu, 10 Sep 2020 21:18:00 GMT - Debug - auth.service - login with username: admin
Thu, 10 Sep 2020 21:18:11 GMT - Info - Server is running on port: 3030
Thu, 10 Sep 2020 21:18:16 GMT - Debug - auth.service - login with username: admin
Thu, 10 Sep 2020 21:18:16 GMT - Debug - auth.service - login with username: admin
Thu, 10 Sep 2020 21:18:17 GMT - Debug - auth.service - login with username: admin
Thu, 10 Sep 2020 21:18:17 GMT - Debug - auth.service - login with username: admin
Thu, 10 Sep 2020 21:18:45 GMT - Debug - auth.service - login with username: admin
Thu, 10 Sep 2020 21:18:45 GMT - Debug - auth.service - login with username: admin
Thu, 10 Sep 2020 21:18:46 GMT - Debug - auth.service - login with username: admin
Thu, 10 Sep 2020 21:18:56 GMT - Debug - auth.service - login with username: admin
Thu, 10 Sep 2020 21:18:57 GMT - Warn - No match
Thu, 10 Sep 2020 21:19:07 GMT - Debug - auth.service - login with username: admin
Thu, 10 Sep 2020 21:19:51 GMT - Debug - auth.service - login with username: admin
Thu, 10 Sep 2020 21:19:51 GMT - Warn - No match
Thu, 10 Sep 2020 21:20:00 GMT - Debug - auth.service - login with username: admin
Thu, 10 Sep 2020 21:20:22 GMT - Debug - auth.service - login with username: admin
Thu, 10 Sep 2020 21:20:22 GMT - Warn - No match
Fri, 11 Sep 2020 09:13:02 GMT - Debug - auth.service - login with username: admin
Fri, 11 Sep 2020 09:14:09 GMT - Debug - auth.service - login with username: admin
Fri, 11 Sep 2020 09:14:54 GMT - Debug - auth.service - login with username: admin
Fri, 11 Sep 2020 09:17:08 GMT - Debug - auth.service - login with username: admin
Fri, 11 Sep 2020 09:18:46 GMT - Debug - auth.service - login with username: admin
Fri, 11 Sep 2020 09:20:25 GMT - Debug - auth.service - login with username: admin
Fri, 11 Sep 2020 09:25:40 GMT - Debug - auth.service - login with username: admin
Fri, 11 Sep 2020 09:26:11 GMT - Debug - auth.service - login with username: admin
Fri, 11 Sep 2020 09:27:15 GMT - Debug - auth.service - login with username: admin
Fri, 11 Sep 2020 09:32:28 GMT - Debug - auth.service - login with username: admin
Fri, 11 Sep 2020 09:48:41 GMT - Info - Server is running on port: 3030
Fri, 11 Sep 2020 09:50:10 GMT - Info - Server is running on port: 3030
Fri, 11 Sep 2020 09:50:35 GMT - Debug - auth.service - login with username: admin
Fri, 11 Sep 2020 21:03:30 GMT - Info - Server is running on port: 3030
Fri, 11 Sep 2020 21:39:24 GMT - Debug - auth.service - login with username: admin
Sat, 12 Sep 2020 13:13:21 GMT - Info - Server is running on port: 3030
Sat, 12 Sep 2020 15:40:36 GMT - Debug - auth.service - login with username: tal
Sat, 12 Sep 2020 15:40:50 GMT - Debug - auth.service - login with username: admin
Sat, 12 Sep 2020 16:04:43 GMT - Debug - auth.service - login with username: admin
Sat, 12 Sep 2020 16:08:04 GMT - Info - Server is running on port: 3030
Sat, 12 Sep 2020 16:10:54 GMT - Info - Server is running on port: 3030
Sat, 12 Sep 2020 16:10:57 GMT - Info - Server is running on port: 3030
Sat, 12 Sep 2020 16:11:17 GMT - Info - Server is running on port: 3030
Sat, 12 Sep 2020 16:24:10 GMT - Debug - auth.service - login with username: admin
Sat, 12 Sep 2020 16:24:54 GMT - Debug - auth.service - login with username: admin
Sat, 12 Sep 2020 16:32:26 GMT - Info - Server is running on port: 3030
Sat, 12 Sep 2020 16:32:34 GMT - Debug - auth.service - login with username: admin
Sat, 12 Sep 2020 16:36:23 GMT - Info - Server is running on port: 3030
Sat, 12 Sep 2020 16:36:27 GMT - Error - Cannot get reviews
Sat, 12 Sep 2020 16:50:35 GMT - Info - Server is running on port: 3030
Sat, 12 Sep 2020 16:50:41 GMT - Error - Cannot get reviews
Sat, 12 Sep 2020 16:58:08 GMT - Info - Server is running on port: 3030
Sat, 12 Sep 2020 16:58:13 GMT - Error - Cannot get reviews
Sat, 12 Sep 2020 16:59:00 GMT - Info - Server is running on port: 3030
Sat, 12 Sep 2020 16:59:29 GMT - Info - Server is running on port: 3030
Sat, 12 Sep 2020 17:00:12 GMT - Info - Server is running on port: 3030
Sat, 12 Sep 2020 17:00:44 GMT - Info - Server is running on port: 3030
Sat, 12 Sep 2020 17:00:54 GMT - Info - Server is running on port: 3030
Sat, 12 Sep 2020 20:57:25 GMT - Debug - auth.service - login with username: admin
Sat, 12 Sep 2020 20:58:54 GMT - Info - Server is running on port: 3030
Sat, 12 Sep 2020 20:59:12 GMT - Info - Server is running on port: 3030
Sat, 12 Sep 2020 21:01:52 GMT - Info - Server is running on port: 3030
Sat, 12 Sep 2020 21:04:15 GMT - Debug - auth.service - login with username: admin
Sat, 12 Sep 2020 21:06:09 GMT - Debug - auth.service - login with username: admin
Sat, 12 Sep 2020 21:07:46 GMT - Debug - auth.service - login with username: admin
Sun, 13 Sep 2020 11:39:14 GMT - Info - Server is running on port: 3030
Sun, 13 Sep 2020 13:10:02 GMT - Debug - auth.service - login with username: admin
Sun, 13 Sep 2020 13:10:03 GMT - Warn - No match
Sun, 13 Sep 2020 13:10:09 GMT - Debug - auth.service - login with username: admin
Sun, 13 Sep 2020 13:13:01 GMT - Debug - auth.service - login with username: admin
Sun, 13 Sep 2020 13:32:25 GMT - Info - Server is running on port: 3030
Sun, 13 Sep 2020 13:54:03 GMT - Info - Server is running on port: 3030
Sun, 13 Sep 2020 13:54:08 GMT - Error - Cannot get reviews
Sun, 13 Sep 2020 13:54:58 GMT - Error - Cannot get reviews
Sun, 13 Sep 2020 14:00:18 GMT - Info - Server is running on port: 3030
Sun, 13 Sep 2020 14:00:21 GMT - Error - Cannot get reviews
Sun, 13 Sep 2020 14:00:32 GMT - Info - Server is running on port: 3030
Sun, 13 Sep 2020 14:04:49 GMT - Info - Server is running on port: 3030
Sun, 13 Sep 2020 14:23:49 GMT - Info - Server is running on port: 3030
Sun, 13 Sep 2020 14:24:18 GMT - Info - Server is running on port: 3030
Sun, 13 Sep 2020 14:24:27 GMT - Debug - auth.service - login with username: admin
Sun, 13 Sep 2020 14:25:34 GMT - Info - Server is running on port: 3030
Sun, 13 Sep 2020 14:29:37 GMT - Info - Server is running on port: 3030
Sun, 13 Sep 2020 14:30:52 GMT - Debug - auth.service - login with username: admin
Sun, 13 Sep 2020 14:34:15 GMT - Debug - auth.service - login with username: admin
Sun, 13 Sep 2020 14:45:42 GMT - Debug - auth.service - login with username: admin
Sun, 13 Sep 2020 14:52:07 GMT - Info - Server is running on port: 3030
Sun, 13 Sep 2020 14:53:29 GMT - Info - Server is running on port: 3030
Sun, 13 Sep 2020 14:53:38 GMT - Info - Server is running on port: 3030
Sun, 13 Sep 2020 14:53:43 GMT - Error - Cannot get reviews
Sun, 13 Sep 2020 15:02:18 GMT - Info - Server is running on port: 3030
Sun, 13 Sep 2020 15:03:01 GMT - Info - Server is running on port: 3030
Sun, 13 Sep 2020 15:05:37 GMT - Info - Server is running on port: 3030
Sun, 13 Sep 2020 15:06:04 GMT - Info - Server is running on port: 3030
Sun, 13 Sep 2020 15:09:11 GMT - Info - Server is running on port: 3030
Sun, 13 Sep 2020 15:09:17 GMT - Error - Cannot get reviews
Sun, 13 Sep 2020 15:11:03 GMT - Info - Server is running on port: 3030
Sun, 13 Sep 2020 15:11:28 GMT - Info - Server is running on port: 3030
Sun, 13 Sep 2020 15:11:48 GMT - Info - Server is running on port: 3030
Sun, 13 Sep 2020 15:12:35 GMT - Info - Server is running on port: 3030
Sun, 13 Sep 2020 15:12:55 GMT - Info - Server is running on port: 3030
Sun, 13 Sep 2020 15:16:33 GMT - Info - Server is running on port: 3030
Sun, 13 Sep 2020 15:18:08 GMT - Info - Server is running on port: 3030
Sun, 13 Sep 2020 15:18:18 GMT - Info - Server is running on port: 3030
Sun, 13 Sep 2020 15:18:53 GMT - Info - Server is running on port: 3030
Sun, 13 Sep 2020 15:18:59 GMT - Error - Cannot get reviews
Sun, 13 Sep 2020 15:20:09 GMT - Info - Server is running on port: 3030
Sun, 13 Sep 2020 15:25:03 GMT - Info - Server is running on port: 3030
Sun, 13 Sep 2020 15:25:08 GMT - Error - Cannot get reviews
Sun, 13 Sep 2020 15:25:24 GMT - Info - Server is running on port: 3030
Sun, 13 Sep 2020 15:27:00 GMT - Debug - auth.service - login with username: admin
Sun, 13 Sep 2020 15:30:38 GMT - Info - Server is running on port: 3030
Sun, 13 Sep 2020 15:31:06 GMT - Debug - auth.service - login with username: admin
Sun, 13 Sep 2020 15:31:33 GMT - Info - Server is running on port: 3030
Sun, 13 Sep 2020 15:31:45 GMT - Debug - auth.service - login with username: admin
Sun, 13 Sep 2020 15:32:54 GMT - Info - Server is running on port: 3030
Sun, 13 Sep 2020 15:33:03 GMT - Debug - auth.service - login with username: admin
Sun, 13 Sep 2020 15:40:27 GMT - Info - Server is running on port: 3030
Sun, 13 Sep 2020 15:45:57 GMT - Info - Server is running on port: 3030
Sun, 13 Sep 2020 15:57:58 GMT - Info - Server is running on port: 3030
Sun, 13 Sep 2020 16:00:41 GMT - Info - Server is running on port: 3030
Sun, 13 Sep 2020 16:00:43 GMT - Info - Server is running on port: 3030
Mon, 14 Sep 2020 12:01:32 GMT - Info - Server is running on port: 3030
Mon, 14 Sep 2020 12:13:48 GMT - Info - Server is running on port: 3030
Mon, 14 Sep 2020 12:16:34 GMT - Info - Server is running on port: 3030
Mon, 14 Sep 2020 12:17:14 GMT - Info - Server is running on port: 3030
Mon, 14 Sep 2020 12:37:18 GMT - Info - Server is running on port: 3030
Mon, 14 Sep 2020 12:39:53 GMT - Info - Server is running on port: 3030
Mon, 14 Sep 2020 13:28:13 GMT - Debug - auth.service - login with username: admin
Mon, 14 Sep 2020 13:28:47 GMT - Debug - auth.service - login with username: admin
Mon, 14 Sep 2020 13:30:06 GMT - Info - Server is running on port: 3030
Mon, 14 Sep 2020 13:32:32 GMT - Info - Server is running on port: 3030
Mon, 14 Sep 2020 13:37:39 GMT - Info - Server is running on port: 3030
Mon, 14 Sep 2020 13:40:01 GMT - Info - Server is running on port: 3030
Mon, 14 Sep 2020 13:40:48 GMT - Info - Server is running on port: 3030
Mon, 14 Sep 2020 13:41:53 GMT - Info - Server is running on port: 3030
Mon, 14 Sep 2020 13:42:17 GMT - Debug - auth.service - login with username: admin
Mon, 14 Sep 2020 14:13:46 GMT - Debug - auth.service - login with username: admin
Mon, 14 Sep 2020 14:17:07 GMT - Debug - auth.service - login with username: admin
Mon, 14 Sep 2020 14:18:05 GMT - Info - Server is running on port: 3030
Mon, 14 Sep 2020 14:27:12 GMT - Info - Server is running on port: 3030
Mon, 14 Sep 2020 15:09:40 GMT - Info - Server is running on port: 3030
Mon, 14 Sep 2020 15:15:11 GMT - Info - Server is running on port: 3030
Mon, 14 Sep 2020 15:18:49 GMT - Info - Server is running on port: 3030
Mon, 14 Sep 2020 15:23:41 GMT - Info - Server is running on port: 3030
Mon, 14 Sep 2020 15:23:48 GMT - Info - Server is running on port: 3030
Mon, 14 Sep 2020 15:24:09 GMT - Info - Server is running on port: 3030
Mon, 14 Sep 2020 15:48:11 GMT - Info - Server is running on port: 3030
Mon, 14 Sep 2020 16:04:06 GMT - Info - Server is running on port: 3030
Mon, 14 Sep 2020 16:04:33 GMT - Info - Server is running on port: 3030
Mon, 14 Sep 2020 16:12:47 GMT - Info - Server is running on port: 3030
Mon, 14 Sep 2020 16:13:06 GMT - Info - Server is running on port: 3030
Mon, 14 Sep 2020 16:14:42 GMT - Info - Server is running on port: 3030
Mon, 14 Sep 2020 20:43:36 GMT - Debug - auth.service - login with username: admin
Mon, 14 Sep 2020 20:50:37 GMT - Info - Server is running on port: 3030
Mon, 14 Sep 2020 21:02:30 GMT - Debug - auth.service - login with username: admin
Mon, 14 Sep 2020 21:11:10 GMT - Debug - auth.service - login with username: admin
Mon, 14 Sep 2020 21:12:54 GMT - Debug - auth.service - login with username: admin
Mon, 21 Sep 2020 17:45:23 GMT - Info - Server is running on port: 3030
Mon, 21 Sep 2020 17:45:55 GMT - Error - Cannot get Quizzes:
Mon, 21 Sep 2020 17:46:39 GMT - Info - Server is running on port: 3030
Mon, 21 Sep 2020 17:46:45 GMT - Info - Server is running on port: 3030
Mon, 21 Sep 2020 17:46:50 GMT - Error - Cannot get Quizzes:
Mon, 21 Sep 2020 17:47:38 GMT - Info - Server is running on port: 3030
Mon, 21 Sep 2020 17:47:41 GMT - Error - Cannot get Quizzes:
Mon, 21 Sep 2020 17:48:02 GMT - Info - Server is running on port: 3030
Mon, 21 Sep 2020 17:49:44 GMT - Info - Server is running on port: 3030
Mon, 21 Sep 2020 17:49:52 GMT - Info - Server is running on port: 3030
Mon, 21 Sep 2020 17:50:16 GMT - Info - Server is running on port: 3030
Mon, 21 Sep 2020 17:50:22 GMT - Info - Server is running on port: 3030
Mon, 21 Sep 2020 17:50:25 GMT - Error - Cannot get Quizzes:
Mon, 21 Sep 2020 17:51:19 GMT - Info - Server is running on port: 3030
Mon, 21 Sep 2020 17:52:01 GMT - Info - Server is running on port: 3030
Mon, 21 Sep 2020 17:52:21 GMT - Info - Server is running on port: 3030
Mon, 21 Sep 2020 17:52:30 GMT - Info - Server is running on port: 3030
Mon, 21 Sep 2020 17:52:36 GMT - Info - Server is running on port: 3030
Mon, 21 Sep 2020 17:52:45 GMT - Info - Server is running on port: 3030
Mon, 21 Sep 2020 17:52:54 GMT - Info - Server is running on port: 3030
Mon, 21 Sep 2020 17:53:14 GMT - Info - Server is running on port: 3030
Mon, 21 Sep 2020 17:53:17 GMT - Info - Server is running on port: 3030
Mon, 21 Sep 2020 17:53:32 GMT - Info - Server is running on port: 3030
Mon, 21 Sep 2020 17:53:43 GMT - Info - Server is running on port: 3030
Mon, 21 Sep 2020 17:55:18 GMT - Info - Server is running on port: 3030
Mon, 21 Sep 2020 17:58:41 GMT - Info - Server is running on port: 3030
Mon, 21 Sep 2020 18:00:44 GMT - Info - Server is running on port: 3030
Mon, 21 Sep 2020 18:01:36 GMT - Info - Server is running on port: 3030
Mon, 21 Sep 2020 18:01:51 GMT - Info - Server is running on port: 3030
Mon, 21 Sep 2020 18:03:52 GMT - Info - Server is running on port: 3030
Mon, 21 Sep 2020 18:04:37 GMT - Info - Server is running on port: 3030
Mon, 21 Sep 2020 18:04:41 GMT - Error - Cannot get Quizzes:
Mon, 21 Sep 2020 18:04:49 GMT - Info - Server is running on port: 3030
Mon, 21 Sep 2020 18:09:12 GMT - Info - Server is running on port: 3030
Mon, 21 Sep 2020 18:09:20 GMT - Info - Server is running on port: 3030
Mon, 21 Sep 2020 18:10:27 GMT - Info - Server is running on port: 3030
Mon, 21 Sep 2020 18:10:32 GMT - Info - Server is running on port: 3030
Mon, 21 Sep 2020 18:11:50 GMT - Info - Server is running on port: 3030
Mon, 21 Sep 2020 18:12:24 GMT - Info - Server is running on port: 3030
Mon, 21 Sep 2020 18:12:27 GMT - Error - Cannot get Quizzes:
Mon, 21 Sep 2020 18:12:47 GMT - Info - Server is running on port: 3030
Mon, 21 Sep 2020 18:12:58 GMT - Info - Server is running on port: 3030
Mon, 21 Sep 2020 18:14:05 GMT - Info - Server is running on port: 3030
Mon, 21 Sep 2020 18:14:29 GMT - Info - Server is running on port: 3030
Mon, 21 Sep 2020 18:15:12 GMT - Info - Server is running on port: 3030
Mon, 21 Sep 2020 18:15:23 GMT - Info - Server is running on port: 3030
Mon, 21 Sep 2020 18:17:00 GMT - Info - Server is running on port: 3030
Mon, 21 Sep 2020 18:22:19 GMT - Info - Server is running on port: 3030
Mon, 21 Sep 2020 18:24:17 GMT - Info - Server is running on port: 3030
Mon, 21 Sep 2020 18:25:02 GMT - Info - Server is running on port: 3030
Mon, 21 Sep 2020 18:25:05 GMT - Error - Cannot get Quizzes:
Mon, 21 Sep 2020 18:25:38 GMT - Info - Server is running on port: 3030
Mon, 21 Sep 2020 18:26:07 GMT - Info - Server is running on port: 3030
Mon, 21 Sep 2020 18:26:08 GMT - Error - Cannot get Quizzes:
Mon, 21 Sep 2020 18:26:42 GMT - Info - Server is running on port: 3030
Mon, 21 Sep 2020 18:27:16 GMT - Info - Server is running on port: 3030
Mon, 21 Sep 2020 18:28:07 GMT - Info - Server is running on port: 3030
Mon, 21 Sep 2020 18:28:35 GMT - Info - Server is running on port: 3030
Mon, 21 Sep 2020 18:30:18 GMT - Info - Server is running on port: 3030
Mon, 21 Sep 2020 18:30:27 GMT - Info - Server is running on port: 3030
Mon, 21 Sep 2020 18:30:29 GMT - Error - Cannot get Quizzes:
Mon, 21 Sep 2020 18:30:53 GMT - Info - Server is running on port: 3030
Mon, 21 Sep 2020 18:31:20 GMT - Info - Server is running on port: 3030
Mon, 21 Sep 2020 18:32:15 GMT - Error - Cannot get Quizzes:
Mon, 21 Sep 2020 18:32:30 GMT - Info - Server is running on port: 3030
Mon, 21 Sep 2020 18:33:57 GMT - Info - Server is running on port: 3030
Mon, 21 Sep 2020 18:34:01 GMT - Error - Cannot get Quizzes:
Mon, 21 Sep 2020 18:34:13 GMT - Info - Server is running on port: 3030
Mon, 21 Sep 2020 18:34:14 GMT - Error - Cannot get Quizzes:
Mon, 21 Sep 2020 18:34:42 GMT - Info - Server is running on port: 3030
Mon, 21 Sep 2020 18:37:45 GMT - Info - Server is running on port: 3030
Mon, 21 Sep 2020 18:37:46 GMT - Error - Cannot get Quizzes:
Mon, 21 Sep 2020 18:38:04 GMT - Info - Server is running on port: 3030
Mon, 21 Sep 2020 18:38:17 GMT - Info - Server is running on port: 3030
Mon, 21 Sep 2020 18:40:17 GMT - Info - Server is running on port: 3030
Tue, 22 Sep 2020 13:50:50 GMT - Info - Server is running on port: 3030
Tue, 22 Sep 2020 13:54:55 GMT - Info - Server is running on port: 3030
Tue, 22 Sep 2020 13:55:10 GMT - Info - Server is running on port: 3030
